chmod: changing permissions of ‘/var/www/liferay/irc/liferay-20130626’: Operation not permitted
chmod: changing permissions of ‘/var/www/liferay/irc/liferay-20130627’: Operation not permitted
chmod: changing permissions of ‘/var/www/liferay/irc/liferay-20130628’: Operation not permitted
chmod: changing permissions of ‘/var/www/liferay/irc/liferay-20130629’: Operation not permitted
chmod: changing permissions of ‘/var/www/liferay/irc/liferay-20130715’: Operation not permitted
chmod: changing permissions of ‘/var/www/liferay/irc/liferay-20130718’: Operation not permitted
chmod: changing permissions of ‘/var/www/liferay/irc/liferay-20130723’: Operation not permitted
chmod: changing permissions of ‘/var/www/liferay/irc/liferay-20130724’: Operation not permitted
chmod: changing permissions of ‘/var/www/liferay/irc/liferay-20130725’: Operation not permitted
chmod: changing permissions of ‘/var/www/liferay/irc/liferay-20130810’: Operation not permitted
chmod: changing permissions of ‘/var/www/liferay/irc/liferay-20130811’: Operation not permitted
chmod: changing permissions of ‘/var/www/liferay/irc/liferay-20130812’: Operation not permitted
chmod: changing permissions of ‘/var/www/liferay/irc/liferay-20130813’: Operation not permitted
chmod: changing permissions of ‘/var/www/liferay/irc/liferay-20130814’: Operation not permitted
chmod: changing permissions of ‘/var/www/liferay/irc/liferay-20130815’: Operation not permitted
chmod: changing permissions of ‘/var/www/liferay/irc/liferay-20130816’: Operation not permitted
chmod: changing permissions of ‘/var/www/liferay/irc/liferay-20130817’: Operation not permitted
chmod: changing permissions of ‘/var/www/liferay/irc/liferay-20130818’: Operation not permitted
chmod: changing permissions of ‘/var/www/liferay/irc/liferay-20130819’: Operation not permitted
chmod: changing permissions of ‘/var/www/liferay/irc/liferay-20130820’: Operation not permitted
chmod: changing permissions of ‘/var/www/liferay/irc/liferay-20130821’: Operation not permitted
chmod: changing permissions of ‘/var/www/liferay/irc/liferay-20130822’: Operation not permitted
chmod: changing permissions of ‘/var/www/liferay/irc/liferay-20130823’: Operation not permitted
chmod: changing permissions of ‘/var/www/liferay/irc/liferay-20130824’: Operation not permitted
chmod: changing permissions of ‘/var/www/liferay/irc/liferay-20130825’: Operation not permitted
chmod: changing permissions of ‘/var/www/liferay/irc/liferay-20130826’: Operation not permitted
chmod: changing permissions of ‘/var/www/liferay/irc/liferay-20130827’: Operation not permitted
chmod: changing permissions of ‘/var/www/liferay/irc/liferay-20130828’: Operation not permitted
chmod: changing permissions of ‘/var/www/liferay/irc/liferay-20130829’: Operation not permitted
chmod: changing permissions of ‘/var/www/liferay/irc/liferay-20130830’: Operation not permitted
chmod: changing permissions of ‘/var/www/liferay/irc/liferay-20130831’: Operation not permitted
chmod: changing permissions of ‘/var/www/liferay/irc/liferay-20130901’: Operation not permitted
chmod: changing permissions of ‘/var/www/liferay/irc/liferay-20130902’: Operation not permitted
chmod: changing permissions of ‘/var/www/liferay/irc/liferay-20130903’: Operation not permitted
chmod: changing permissions of ‘/var/www/liferay/irc/liferay-20130904’: Operation not permitted
chmod: changing permissions of ‘/var/www/liferay/irc/liferay-20130905’: Operation not permitted
chmod: changing permissions of ‘/var/www/liferay/irc/liferay-20130906’: Operation not permitted
chmod: changing permissions of ‘/var/www/liferay/irc/liferay-20130907’: Operation not permitted
chmod: changing permissions of ‘/var/www/liferay/irc/liferay-20130908’: Operation not permitted
chmod: changing permissions of ‘/var/www/liferay/irc/liferay-20130909’: Operation not permitted
chmod: changing permissions of ‘/var/www/liferay/irc/liferay-20130910’: Operation not permitted
chmod: changing permissions of ‘/var/www/liferay/irc/liferay-20130911’: Operation not permitted
chmod: changing permissions of ‘/var/www/liferay/irc/liferay-20130912’: Operation not permitted
chmod: changing permissions of ‘/var/www/liferay/irc/liferay-20130913’: Operation not permitted
chmod: changing permissions of ‘/var/www/liferay/irc/liferay-20130914’: Operation not permitted
chmod: changing permissions of ‘/var/www/liferay/irc/liferay-20130915’: Operation not permitted
chmod: changing permissions of ‘/var/www/liferay/irc/liferay-20130916’: Operation not permitted
chmod: changing permissions of ‘/var/www/liferay/irc/liferay-20130917’: Operation not permitted
chmod: changing permissions of ‘/var/www/liferay/irc/liferay-20130918’: Operation not permitted
chmod: changing permissions of ‘/var/www/liferay/irc/liferay-20130919’: Operation not permitted
chmod: changing permissions of ‘/var/www/liferay/irc/liferay-20130920’: Operation not permitted
chmod: changing permissions of ‘/var/www/liferay/irc/liferay-20130921’: Operation not permitted
chmod: changing permissions of ‘/var/www/liferay/irc/liferay-20130922’: Operation not permitted
chmod: changing permissions of ‘/var/www/liferay/irc/liferay-20130923’: Operation not permitted
chmod: changing permissions of ‘/var/www/liferay/irc/liferay-20130924’: Operation not permitted
chmod: changing permissions of ‘/var/www/liferay/irc/liferay-20130925’: Operation not permitted
chmod: changing permissions of ‘/var/www/liferay/irc/liferay-20130926’: Operation not permitted
chmod: changing permissions of ‘/var/www/liferay/irc/liferay-20130927’: Operation not permitted
chmod: changing permissions of ‘/var/www/liferay/irc/liferay-20130928’: Operation not permitted
chmod: changing permissions of ‘/var/www/liferay/irc/liferay-20130929’: Operation not permitted
chmod: changing permissions of ‘/var/www/liferay/irc/liferay-20130930’: Operation not permitted
chmod: changing permissions of ‘/var/www/liferay/irc/liferay-20131001’: Operation not permitted
chmod: changing permissions of ‘/var/www/liferay/irc/liferay-20131002’: Operation not permitted
chmod: changing permissions of ‘/var/www/liferay/irc/liferay-20131003’: Operation not permitted
chmod: changing permissions of ‘/var/www/liferay/irc/liferay-20131004’: Operation not permitted
chmod: changing permissions of ‘/var/www/liferay/irc/liferay-20131005’: Operation not permitted
chmod: changing permissions of ‘/var/www/liferay/irc/liferay-20131006’: Operation not permitted
chmod: changing permissions of ‘/var/www/liferay/irc/liferay-20131007’: Operation not permitted
chmod: changing permissions of ‘/var/www/liferay/irc/liferay-20131008’: Operation not permitted
chmod: changing permissions of ‘/var/www/liferay/irc/liferay-20131009’: Operation not permitted
chmod: changing permissions of ‘/var/www/liferay/irc/liferay-20131010’: Operation not permitted
chmod: changing permissions of ‘/var/www/liferay/irc/liferay-20131011’: Operation not permitted
chmod: changing permissions of ‘/var/www/liferay/irc/liferay-20131012’: Operation not permitted
chmod: changing permissions of ‘/var/www/liferay/irc/liferay-20131013’: Operation not permitted
chmod: changing permissions of ‘/var/www/liferay/irc/liferay-20131014’: Operation not permitted
chmod: changing permissions of ‘/var/www/liferay/irc/liferay-20131015’: Operation not permitted
chmod: changing permissions of ‘/var/www/liferay/irc/liferay-20131016’: Operation not permitted
chmod: changing permissions of ‘/var/www/liferay/irc/liferay-20131017’: Operation not permitted
chmod: changing permissions of ‘/var/www/liferay/irc/liferay-20131018’: Operation not permitted
chmod: changing permissions of ‘/var/www/liferay/irc/liferay-20131019’: Operation not permitted
chmod: changing permissions of ‘/var/www/liferay/irc/liferay-20131020’: Operation not permitted
chmod: changing permissions of ‘/var/www/liferay/irc/liferay-20131021’: Operation not permitted
chmod: changing permissions of ‘/var/www/liferay/irc/liferay-20131022’: Operation not permitted
chmod: changing permissions of ‘/var/www/liferay/irc/liferay-20131023’: Operation not permitted
chmod: changing permissions of ‘/var/www/liferay/irc/liferay-20131024’: Operation not permitted
chmod: changing permissions of ‘/var/www/liferay/irc/liferay-20131025’: Operation not permitted
chmod: changing permissions of ‘/var/www/liferay/irc/liferay-20131026’: Operation not permitted
chmod: changing permissions of ‘/var/www/liferay/irc/liferay-20131027’: Operation not permitted
chmod: changing permissions of ‘/var/www/liferay/irc/liferay-20131028’: Operation not permitted
chmod: changing permissions of ‘/var/www/liferay/irc/liferay-20131029’: Operation not permitted
chmod: changing permissions of ‘/var/www/liferay/irc/liferay-20131030’: Operation not permitted
chmod: changing permissions of ‘/var/www/liferay/irc/liferay-20131031’: Operation not permitted
chmod: changing permissions of ‘/var/www/liferay/irc/liferay-20131101’: Operation not permitted
chmod: changing permissions of ‘/var/www/liferay/irc/liferay-20131102’: Operation not permitted
chmod: changing permissions of ‘/var/www/liferay/irc/liferay-20131103’: Operation not permitted
chmod: changing permissions of ‘/var/www/liferay/irc/liferay-20131104’: Operation not permitted
chmod: changing permissions of ‘/var/www/liferay/irc/liferay-20131105’: Operation not permitted
chmod: changing permissions of ‘/var/www/liferay/irc/liferay-20131106’: Operation not permitted
chmod: changing permissions of ‘/var/www/liferay/irc/liferay-20131107’: Operation not permitted
chmod: changing permissions of ‘/var/www/liferay/irc/liferay-20131108’: Operation not permitted
chmod: changing permissions of ‘/var/www/liferay/irc/liferay-20131109’: Operation not permitted
chmod: changing permissions of ‘/var/www/liferay/irc/liferay-20131110’: Operation not permitted
chmod: changing permissions of ‘/var/www/liferay/irc/liferay-20131111’: Operation not permitted
chmod: changing permissions of ‘/var/www/liferay/irc/liferay-20131112’: Operation not permitted
chmod: changing permissions of ‘/var/www/liferay/irc/liferay-20131113’: Operation not permitted
chmod: changing permissions of ‘/var/www/liferay/irc/liferay-20131114’: Operation not permitted
chmod: changing permissions of ‘/var/www/liferay/irc/liferay-20131115’: Operation not permitted
chmod: changing permissions of ‘/var/www/liferay/irc/liferay-20131116’: Operation not permitted
chmod: changing permissions of ‘/var/www/liferay/irc/liferay-20131117’: Operation not permitted
chmod: changing permissions of ‘/var/www/liferay/irc/liferay-20131118’: Operation not permitted
chmod: changing permissions of ‘/var/www/liferay/irc/liferay-20131119’: Operation not permitted
chmod: changing permissions of ‘/var/www/liferay/irc/liferay-20131120’: Operation not permitted
chmod: changing permissions of ‘/var/www/liferay/irc/liferay-20131121’: Operation not permitted
chmod: changing permissions of ‘/var/www/liferay/irc/liferay-20131122’: Operation not permitted
chmod: changing permissions of ‘/var/www/liferay/irc/liferay-20131123’: Operation not permitted
chmod: changing permissions of ‘/var/www/liferay/irc/liferay-20131124’: Operation not permitted
chmod: changing permissions of ‘/var/www/liferay/irc/liferay-20131125’: Operation not permitted
chmod: changing permissions of ‘/var/www/liferay/irc/liferay-20131126’: Operation not permitted
chmod: changing permissions of ‘/var/www/liferay/irc/liferay-20131127’: Operation not permitted
chmod: changing permissions of ‘/var/www/liferay/irc/liferay-20131128’: Operation not permitted
chmod: changing permissions of ‘/var/www/liferay/irc/liferay-20131129’: Operation not permitted
chmod: changing permissions of ‘/var/www/liferay/irc/liferay-20131130’: Operation not permitted
chmod: changing permissions of ‘/var/www/liferay/irc/liferay-20131201’: Operation not permitted
chmod: changing permissions of ‘/var/www/liferay/irc/liferay-20131202’: Operation not permitted
chmod: changing permissions of ‘/var/www/liferay/irc/liferay-20131203’: Operation not permitted
chmod: changing permissions of ‘/var/www/liferay/irc/liferay-20131204’: Operation not permitted
chmod: changing permissions of ‘/var/www/liferay/irc/liferay-20131205’: Operation not permitted
chmod: changing permissions of ‘/var/www/liferay/irc/liferay-20131206’: Operation not permitted
chmod: changing permissions of ‘/var/www/liferay/irc/liferay-20131207’: Operation not permitted
chmod: changing permissions of ‘/var/www/liferay/irc/liferay-20131208’: Operation not permitted
chmod: changing permissions of ‘/var/www/liferay/irc/liferay-20131209’: Operation not permitted
chmod: changing permissions of ‘/var/www/liferay/irc/liferay-20131210’: Operation not permitted
chmod: changing permissions of ‘/var/www/liferay/irc/liferay-20131211’: Operation not permitted
chmod: changing permissions of ‘/var/www/liferay/irc/liferay-20131212’: Operation not permitted
chmod: changing permissions of ‘/var/www/liferay/irc/liferay-20131213’: Operation not permitted
chmod: changing permissions of ‘/var/www/liferay/irc/liferay-20131214’: Operation not permitted
chmod: changing permissions of ‘/var/www/liferay/irc/liferay-20131215’: Operation not permitted
chmod: changing permissions of ‘/var/www/liferay/irc/liferay-20131216’: Operation not permitted
chmod: changing permissions of ‘/var/www/liferay/irc/liferay-20131217’: Operation not permitted
chmod: changing permissions of ‘/var/www/liferay/irc/liferay-20131218’: Operation not permitted
chmod: changing permissions of ‘/var/www/liferay/irc/liferay-20131219’: Operation not permitted
chmod: changing permissions of ‘/var/www/liferay/irc/liferay-20131220’: Operation not permitted
chmod: changing permissions of ‘/var/www/liferay/irc/liferay-20131221’: Operation not permitted
chmod: changing permissions of ‘/var/www/liferay/irc/liferay-20131222’: Operation not permitted
chmod: changing permissions of ‘/var/www/liferay/irc/liferay-20131223’: Operation not permitted
chmod: changing permissions of ‘/var/www/liferay/irc/liferay-20131224’: Operation not permitted
chmod: changing permissions of ‘/var/www/liferay/irc/liferay-20131225’: Operation not permitted
chmod: changing permissions of ‘/var/www/liferay/irc/liferay-20131226’: Operation not permitted
chmod: changing permissions of ‘/var/www/liferay/irc/liferay-20131227’: Operation not permitted
chmod: changing permissions of ‘/var/www/liferay/irc/liferay-20131228’: Operation not permitted
chmod: changing permissions of ‘/var/www/liferay/irc/liferay-20131229’: Operation not permitted
chmod: changing permissions of ‘/var/www/liferay/irc/liferay-20131230’: Operation not permitted
chmod: changing permissions of ‘/var/www/liferay/irc/liferay-20131231’: Operation not permitted
chmod: changing permissions of ‘/var/www/liferay/irc/liferay-20140101’: Operation not permitted
chmod: changing permissions of ‘/var/www/liferay/irc/liferay-20140102’: Operation not permitted
chmod: changing permissions of ‘/var/www/liferay/irc/liferay-20140103’: Operation not permitted
chmod: changing permissions of ‘/var/www/liferay/irc/liferay-20140104’: Operation not permitted
chmod: changing permissions of ‘/var/www/liferay/irc/liferay-20140105’: Operation not permitted
chmod: changing permissions of ‘/var/www/liferay/irc/liferay-20140106’: Operation not permitted
chmod: changing permissions of ‘/var/www/liferay/irc/liferay-20140107’: Operation not permitted
chmod: changing permissions of ‘/var/www/liferay/irc/liferay-20140108’: Operation not permitted
chmod: changing permissions of ‘/var/www/liferay/irc/liferay-20140109’: Operation not permitted
chmod: changing permissions of ‘/var/www/liferay/irc/liferay-20140110’: Operation not permitted
chmod: changing permissions of ‘/var/www/liferay/irc/liferay-20140111’: Operation not permitted
chmod: changing permissions of ‘/var/www/liferay/irc/liferay-20140112’: Operation not permitted
chmod: changing permissions of ‘/var/www/liferay/irc/liferay-20140113’: Operation not permitted
chmod: changing permissions of ‘/var/www/liferay/irc/liferay-20140114’: Operation not permitted
chmod: changing permissions of ‘/var/www/liferay/irc/liferay-20140115’: Operation not permitted
chmod: changing permissions of ‘/var/www/liferay/irc/liferay-20140116’: Operation not permitted
chmod: changing permissions of ‘/var/www/liferay/irc/liferay-20140117’: Operation not permitted
chmod: changing permissions of ‘/var/www/liferay/irc/liferay-20140118’: Operation not permitted
chmod: changing permissions of ‘/var/www/liferay/irc/liferay-20140119’: Operation not permitted
chmod: changing permissions of ‘/var/www/liferay/irc/liferay-20140120’: Operation not permitted
chmod: changing permissions of ‘/var/www/liferay/irc/liferay-20140121’: Operation not permitted
chmod: changing permissions of ‘/var/www/liferay/irc/liferay-20140122’: Operation not permitted
chmod: changing permissions of ‘/var/www/liferay/irc/liferay-20140123’: Operation not permitted
chmod: changing permissions of ‘/var/www/liferay/irc/liferay-20140124’: Operation not permitted
chmod: changing permissions of ‘/var/www/liferay/irc/liferay-20140125’: Operation not permitted
chmod: changing permissions of ‘/var/www/liferay/irc/liferay-20140126’: Operation not permitted
chmod: changing permissions of ‘/var/www/liferay/irc/liferay-20140127’: Operation not permitted
chmod: changing permissions of ‘/var/www/liferay/irc/liferay-20140128’: Operation not permitted
chmod: changing permissions of ‘/var/www/liferay/irc/liferay-20140129’: Operation not permitted
chmod: changing permissions of ‘/var/www/liferay/irc/liferay-20140130’: Operation not permitted
chmod: changing permissions of ‘/var/www/liferay/irc/liferay-20140131’: Operation not permitted
chmod: changing permissions of ‘/var/www/liferay/irc/liferay-20140201’: Operation not permitted
chmod: changing permissions of ‘/var/www/liferay/irc/liferay-20140202’: Operation not permitted
chmod: changing permissions of ‘/var/www/liferay/irc/liferay-20140203’: Operation not permitted
chmod: changing permissions of ‘/var/www/liferay/irc/liferay-20140204’: Operation not permitted
chmod: changing permissions of ‘/var/www/liferay/irc/liferay-20140205’: Operation not permitted
chmod: changing permissions of ‘/var/www/liferay/irc/liferay-20140206’: Operation not permitted
chmod: changing permissions of ‘/var/www/liferay/irc/liferay-20140207’: Operation not permitted
chmod: changing permissions of ‘/var/www/liferay/irc/liferay-20140208’: Operation not permitted
chmod: changing permissions of ‘/var/www/liferay/irc/liferay-20140209’: Operation not permitted
chmod: changing permissions of ‘/var/www/liferay/irc/liferay-20140210’: Operation not permitted
chmod: changing permissions of ‘/var/www/liferay/irc/liferay-20140211’: Operation not permitted
chmod: changing permissions of ‘/var/www/liferay/irc/liferay-20140212’: Operation not permitted
chmod: changing permissions of ‘/var/www/liferay/irc/liferay-20140213’: Operation not permitted
chmod: changing permissions of ‘/var/www/liferay/irc/liferay-20140214’: Operation not permitted
chmod: changing permissions of ‘/var/www/liferay/irc/liferay-20140215’: Operation not permitted
chmod: changing permissions of ‘/var/www/liferay/irc/liferay-20140216’: Operation not permitted
chmod: changing permissions of ‘/var/www/liferay/irc/liferay-20140217’: Operation not permitted
chmod: changing permissions of ‘/var/www/liferay/irc/liferay-20140218’: Operation not permitted
chmod: changing permissions of ‘/var/www/liferay/irc/liferay-20140219’: Operation not permitted
chmod: changing permissions of ‘/var/www/liferay/irc/liferay-20140220’: Operation not permitted
chmod: changing permissions of ‘/var/www/liferay/irc/liferay-20140221’: Operation not permitted
chmod: changing permissions of ‘/var/www/liferay/irc/liferay-20140222’: Operation not permitted
chmod: changing permissions of ‘/var/www/liferay/irc/liferay-20140223’: Operation not permitted
chmod: changing permissions of ‘/var/www/liferay/irc/liferay-20140224’: Operation not permitted
chmod: changing permissions of ‘/var/www/liferay/irc/liferay-20140225’: Operation not permitted
chmod: changing permissions of ‘/var/www/liferay/irc/liferay-20140226’: Operation not permitted
chmod: changing permissions of ‘/var/www/liferay/irc/liferay-20140227’: Operation not permitted
chmod: changing permissions of ‘/var/www/liferay/irc/liferay-20140228’: Operation not permitted
chmod: changing permissions of ‘/var/www/liferay/irc/liferay-20140301’: Operation not permitted
chmod: changing permissions of ‘/var/www/liferay/irc/liferay-20140302’: Operation not permitted
chmod: changing permissions of ‘/var/www/liferay/irc/liferay-20140303’: Operation not permitted
chmod: changing permissions of ‘/var/www/liferay/irc/liferay-20140304’: Operation not permitted
chmod: changing permissions of ‘/var/www/liferay/irc/liferay-20140305’: Operation not permitted
chmod: changing permissions of ‘/var/www/liferay/irc/liferay-20140306’: Operation not permitted
chmod: changing permissions of ‘/var/www/liferay/irc/liferay-20140307’: Operation not permitted
chmod: changing permissions of ‘/var/www/liferay/irc/liferay-20140308’: Operation not permitted
chmod: changing permissions of ‘/var/www/liferay/irc/liferay-20140309’: Operation not permitted
chmod: changing permissions of ‘/var/www/liferay/irc/liferay-20140310’: Operation not permitted
chmod: changing permissions of ‘/var/www/liferay/irc/liferay-20140311’: Operation not permitted
chmod: changing permissions of ‘/var/www/liferay/irc/liferay-20140312’: Operation not permitted
chmod: changing permissions of ‘/var/www/liferay/irc/liferay-20140313’: Operation not permitted
chmod: changing permissions of ‘/var/www/liferay/irc/liferay-20140314’: Operation not permitted
chmod: changing permissions of ‘/var/www/liferay/irc/liferay-20140315’: Operation not permitted
chmod: changing permissions of ‘/var/www/liferay/irc/liferay-20140316’: Operation not permitted
chmod: changing permissions of ‘/var/www/liferay/irc/style.css’: Operation not permitted
error: insufficient permission for adding an object to repository database .git/objects

error: nohup.out: failed to insert into database
error: unable to index file nohup.out
fatal: adding files failed
# On branch master
# Changes not staged for commit:
#   (use "git add <file>..." to update what will be committed)
#   (use "git checkout -- <file>..." to discard changes in working directory)
#
#	modified:   liferay-20140316
#
# Untracked files:
#   (use "git add <file>..." to include in what will be committed)
#
#	nohup.out
no changes added to commit (use "git add" and/or "git commit -a")
error: insufficient permission for adding an object to repository database .git/objects

error: nohup.out: failed to insert into database
error: unable to index file nohup.out
fatal: adding files failed
# On branch master
# Changes not staged for commit:
#   (use "git add <file>..." to update what will be committed)
#   (use "git checkout -- <file>..." to discard changes in working directory)
#
#	modified:   liferay-20140316
#
# Untracked files:
#   (use "git add <file>..." to include in what will be committed)
#
#	nohup.out
no changes added to commit (use "git add" and/or "git commit -a")
chmod: changing permissions of ‘/var/www/liferay/irc/liferay-20130626’: Operation not permitted
chmod: changing permissions of ‘/var/www/liferay/irc/liferay-20130627’: Operation not permitted
chmod: changing permissions of ‘/var/www/liferay/irc/liferay-20130628’: Operation not permitted
chmod: changing permissions of ‘/var/www/liferay/irc/liferay-20130629’: Operation not permitted
chmod: changing permissions of ‘/var/www/liferay/irc/liferay-20130715’: Operation not permitted
chmod: changing permissions of ‘/var/www/liferay/irc/liferay-20130718’: Operation not permitted
chmod: changing permissions of ‘/var/www/liferay/irc/liferay-20130723’: Operation not permitted
chmod: changing permissions of ‘/var/www/liferay/irc/liferay-20130724’: Operation not permitted
chmod: changing permissions of ‘/var/www/liferay/irc/liferay-20130725’: Operation not permitted
chmod: changing permissions of ‘/var/www/liferay/irc/liferay-20130810’: Operation not permitted
chmod: changing permissions of ‘/var/www/liferay/irc/liferay-20130811’: Operation not permitted
chmod: changing permissions of ‘/var/www/liferay/irc/liferay-20130812’: Operation not permitted
chmod: changing permissions of ‘/var/www/liferay/irc/liferay-20130813’: Operation not permitted
chmod: changing permissions of ‘/var/www/liferay/irc/liferay-20130814’: Operation not permitted
chmod: changing permissions of ‘/var/www/liferay/irc/liferay-20130815’: Operation not permitted
chmod: changing permissions of ‘/var/www/liferay/irc/liferay-20130816’: Operation not permitted
chmod: changing permissions of ‘/var/www/liferay/irc/liferay-20130817’: Operation not permitted
chmod: changing permissions of ‘/var/www/liferay/irc/liferay-20130818’: Operation not permitted
chmod: changing permissions of ‘/var/www/liferay/irc/liferay-20130819’: Operation not permitted
chmod: changing permissions of ‘/var/www/liferay/irc/liferay-20130820’: Operation not permitted
chmod: changing permissions of ‘/var/www/liferay/irc/liferay-20130821’: Operation not permitted
chmod: changing permissions of ‘/var/www/liferay/irc/liferay-20130822’: Operation not permitted
chmod: changing permissions of ‘/var/www/liferay/irc/liferay-20130823’: Operation not permitted
chmod: changing permissions of ‘/var/www/liferay/irc/liferay-20130824’: Operation not permitted
chmod: changing permissions of ‘/var/www/liferay/irc/liferay-20130825’: Operation not permitted
chmod: changing permissions of ‘/var/www/liferay/irc/liferay-20130826’: Operation not permitted
chmod: changing permissions of ‘/var/www/liferay/irc/liferay-20130827’: Operation not permitted
chmod: changing permissions of ‘/var/www/liferay/irc/liferay-20130828’: Operation not permitted
chmod: changing permissions of ‘/var/www/liferay/irc/liferay-20130829’: Operation not permitted
chmod: changing permissions of ‘/var/www/liferay/irc/liferay-20130830’: Operation not permitted
chmod: changing permissions of ‘/var/www/liferay/irc/liferay-20130831’: Operation not permitted
chmod: changing permissions of ‘/var/www/liferay/irc/liferay-20130901’: Operation not permitted
chmod: changing permissions of ‘/var/www/liferay/irc/liferay-20130902’: Operation not permitted
chmod: changing permissions of ‘/var/www/liferay/irc/liferay-20130903’: Operation not permitted
chmod: changing permissions of ‘/var/www/liferay/irc/liferay-20130904’: Operation not permitted
chmod: changing permissions of ‘/var/www/liferay/irc/liferay-20130905’: Operation not permitted
chmod: changing permissions of ‘/var/www/liferay/irc/liferay-20130906’: Operation not permitted
chmod: changing permissions of ‘/var/www/liferay/irc/liferay-20130907’: Operation not permitted
chmod: changing permissions of ‘/var/www/liferay/irc/liferay-20130908’: Operation not permitted
chmod: changing permissions of ‘/var/www/liferay/irc/liferay-20130909’: Operation not permitted
chmod: changing permissions of ‘/var/www/liferay/irc/liferay-20130910’: Operation not permitted
chmod: changing permissions of ‘/var/www/liferay/irc/liferay-20130911’: Operation not permitted
chmod: changing permissions of ‘/var/www/liferay/irc/liferay-20130912’: Operation not permitted
chmod: changing permissions of ‘/var/www/liferay/irc/liferay-20130913’: Operation not permitted
chmod: changing permissions of ‘/var/www/liferay/irc/liferay-20130914’: Operation not permitted
chmod: changing permissions of ‘/var/www/liferay/irc/liferay-20130915’: Operation not permitted
chmod: changing permissions of ‘/var/www/liferay/irc/liferay-20130916’: Operation not permitted
chmod: changing permissions of ‘/var/www/liferay/irc/liferay-20130917’: Operation not permitted
chmod: changing permissions of ‘/var/www/liferay/irc/liferay-20130918’: Operation not permitted
chmod: changing permissions of ‘/var/www/liferay/irc/liferay-20130919’: Operation not permitted
chmod: changing permissions of ‘/var/www/liferay/irc/liferay-20130920’: Operation not permitted
chmod: changing permissions of ‘/var/www/liferay/irc/liferay-20130921’: Operation not permitted
chmod: changing permissions of ‘/var/www/liferay/irc/liferay-20130922’: Operation not permitted
chmod: changing permissions of ‘/var/www/liferay/irc/liferay-20130923’: Operation not permitted
chmod: changing permissions of ‘/var/www/liferay/irc/liferay-20130924’: Operation not permitted
chmod: changing permissions of ‘/var/www/liferay/irc/liferay-20130925’: Operation not permitted
chmod: changing permissions of ‘/var/www/liferay/irc/liferay-20130926’: Operation not permitted
chmod: changing permissions of ‘/var/www/liferay/irc/liferay-20130927’: Operation not permitted
chmod: changing permissions of ‘/var/www/liferay/irc/liferay-20130928’: Operation not permitted
chmod: changing permissions of ‘/var/www/liferay/irc/liferay-20130929’: Operation not permitted
chmod: changing permissions of ‘/var/www/liferay/irc/liferay-20130930’: Operation not permitted
chmod: changing permissions of ‘/var/www/liferay/irc/liferay-20131001’: Operation not permitted
chmod: changing permissions of ‘/var/www/liferay/irc/liferay-20131002’: Operation not permitted
chmod: changing permissions of ‘/var/www/liferay/irc/liferay-20131003’: Operation not permitted
chmod: changing permissions of ‘/var/www/liferay/irc/liferay-20131004’: Operation not permitted
chmod: changing permissions of ‘/var/www/liferay/irc/liferay-20131005’: Operation not permitted
chmod: changing permissions of ‘/var/www/liferay/irc/liferay-20131006’: Operation not permitted
chmod: changing permissions of ‘/var/www/liferay/irc/liferay-20131007’: Operation not permitted
chmod: changing permissions of ‘/var/www/liferay/irc/liferay-20131008’: Operation not permitted
chmod: changing permissions of ‘/var/www/liferay/irc/liferay-20131009’: Operation not permitted
chmod: changing permissions of ‘/var/www/liferay/irc/liferay-20131010’: Operation not permitted
chmod: changing permissions of ‘/var/www/liferay/irc/liferay-20131011’: Operation not permitted
chmod: changing permissions of ‘/var/www/liferay/irc/liferay-20131012’: Operation not permitted
chmod: changing permissions of ‘/var/www/liferay/irc/liferay-20131013’: Operation not permitted
chmod: changing permissions of ‘/var/www/liferay/irc/liferay-20131014’: Operation not permitted
chmod: changing permissions of ‘/var/www/liferay/irc/liferay-20131015’: Operation not permitted
chmod: changing permissions of ‘/var/www/liferay/irc/liferay-20131016’: Operation not permitted
chmod: changing permissions of ‘/var/www/liferay/irc/liferay-20131017’: Operation not permitted
chmod: changing permissions of ‘/var/www/liferay/irc/liferay-20131018’: Operation not permitted
chmod: changing permissions of ‘/var/www/liferay/irc/liferay-20131019’: Operation not permitted
chmod: changing permissions of ‘/var/www/liferay/irc/liferay-20131020’: Operation not permitted
chmod: changing permissions of ‘/var/www/liferay/irc/liferay-20131021’: Operation not permitted
chmod: changing permissions of ‘/var/www/liferay/irc/liferay-20131022’: Operation not permitted
chmod: changing permissions of ‘/var/www/liferay/irc/liferay-20131023’: Operation not permitted
chmod: changing permissions of ‘/var/www/liferay/irc/liferay-20131024’: Operation not permitted
chmod: changing permissions of ‘/var/www/liferay/irc/liferay-20131025’: Operation not permitted
chmod: changing permissions of ‘/var/www/liferay/irc/liferay-20131026’: Operation not permitted
chmod: changing permissions of ‘/var/www/liferay/irc/liferay-20131027’: Operation not permitted
chmod: changing permissions of ‘/var/www/liferay/irc/liferay-20131028’: Operation not permitted
chmod: changing permissions of ‘/var/www/liferay/irc/liferay-20131029’: Operation not permitted
chmod: changing permissions of ‘/var/www/liferay/irc/liferay-20131030’: Operation not permitted
chmod: changing permissions of ‘/var/www/liferay/irc/liferay-20131031’: Operation not permitted
chmod: changing permissions of ‘/var/www/liferay/irc/liferay-20131101’: Operation not permitted
chmod: changing permissions of ‘/var/www/liferay/irc/liferay-20131102’: Operation not permitted
chmod: changing permissions of ‘/var/www/liferay/irc/liferay-20131103’: Operation not permitted
chmod: changing permissions of ‘/var/www/liferay/irc/liferay-20131104’: Operation not permitted
chmod: changing permissions of ‘/var/www/liferay/irc/liferay-20131105’: Operation not permitted
chmod: changing permissions of ‘/var/www/liferay/irc/liferay-20131106’: Operation not permitted
chmod: changing permissions of ‘/var/www/liferay/irc/liferay-20131107’: Operation not permitted
chmod: changing permissions of ‘/var/www/liferay/irc/liferay-20131108’: Operation not permitted
chmod: changing permissions of ‘/var/www/liferay/irc/liferay-20131109’: Operation not permitted
chmod: changing permissions of ‘/var/www/liferay/irc/liferay-20131110’: Operation not permitted
chmod: changing permissions of ‘/var/www/liferay/irc/liferay-20131111’: Operation not permitted
chmod: changing permissions of ‘/var/www/liferay/irc/liferay-20131112’: Operation not permitted
chmod: changing permissions of ‘/var/www/liferay/irc/liferay-20131113’: Operation not permitted
chmod: changing permissions of ‘/var/www/liferay/irc/liferay-20131114’: Operation not permitted
chmod: changing permissions of ‘/var/www/liferay/irc/liferay-20131115’: Operation not permitted
chmod: changing permissions of ‘/var/www/liferay/irc/liferay-20131116’: Operation not permitted
chmod: changing permissions of ‘/var/www/liferay/irc/liferay-20131117’: Operation not permitted
chmod: changing permissions of ‘/var/www/liferay/irc/liferay-20131118’: Operation not permitted
chmod: changing permissions of ‘/var/www/liferay/irc/liferay-20131119’: Operation not permitted
chmod: changing permissions of ‘/var/www/liferay/irc/liferay-20131120’: Operation not permitted
chmod: changing permissions of ‘/var/www/liferay/irc/liferay-20131121’: Operation not permitted
chmod: changing permissions of ‘/var/www/liferay/irc/liferay-20131122’: Operation not permitted
chmod: changing permissions of ‘/var/www/liferay/irc/liferay-20131123’: Operation not permitted
chmod: changing permissions of ‘/var/www/liferay/irc/liferay-20131124’: Operation not permitted
chmod: changing permissions of ‘/var/www/liferay/irc/liferay-20131125’: Operation not permitted
chmod: changing permissions of ‘/var/www/liferay/irc/liferay-20131126’: Operation not permitted
chmod: changing permissions of ‘/var/www/liferay/irc/liferay-20131127’: Operation not permitted
chmod: changing permissions of ‘/var/www/liferay/irc/liferay-20131128’: Operation not permitted
chmod: changing permissions of ‘/var/www/liferay/irc/liferay-20131129’: Operation not permitted
chmod: changing permissions of ‘/var/www/liferay/irc/liferay-20131130’: Operation not permitted
chmod: changing permissions of ‘/var/www/liferay/irc/liferay-20131201’: Operation not permitted
chmod: changing permissions of ‘/var/www/liferay/irc/liferay-20131202’: Operation not permitted
chmod: changing permissions of ‘/var/www/liferay/irc/liferay-20131203’: Operation not permitted
chmod: changing permissions of ‘/var/www/liferay/irc/liferay-20131204’: Operation not permitted
chmod: changing permissions of ‘/var/www/liferay/irc/liferay-20131205’: Operation not permitted
chmod: changing permissions of ‘/var/www/liferay/irc/liferay-20131206’: Operation not permitted
chmod: changing permissions of ‘/var/www/liferay/irc/liferay-20131207’: Operation not permitted
chmod: changing permissions of ‘/var/www/liferay/irc/liferay-20131208’: Operation not permitted
chmod: changing permissions of ‘/var/www/liferay/irc/liferay-20131209’: Operation not permitted
chmod: changing permissions of ‘/var/www/liferay/irc/liferay-20131210’: Operation not permitted
chmod: changing permissions of ‘/var/www/liferay/irc/liferay-20131211’: Operation not permitted
chmod: changing permissions of ‘/var/www/liferay/irc/liferay-20131212’: Operation not permitted
chmod: changing permissions of ‘/var/www/liferay/irc/liferay-20131213’: Operation not permitted
chmod: changing permissions of ‘/var/www/liferay/irc/liferay-20131214’: Operation not permitted
chmod: changing permissions of ‘/var/www/liferay/irc/liferay-20131215’: Operation not permitted
chmod: changing permissions of ‘/var/www/liferay/irc/liferay-20131216’: Operation not permitted
chmod: changing permissions of ‘/var/www/liferay/irc/liferay-20131217’: Operation not permitted
chmod: changing permissions of ‘/var/www/liferay/irc/liferay-20131218’: Operation not permitted
chmod: changing permissions of ‘/var/www/liferay/irc/liferay-20131219’: Operation not permitted
chmod: changing permissions of ‘/var/www/liferay/irc/liferay-20131220’: Operation not permitted
chmod: changing permissions of ‘/var/www/liferay/irc/liferay-20131221’: Operation not permitted
chmod: changing permissions of ‘/var/www/liferay/irc/liferay-20131222’: Operation not permitted
chmod: changing permissions of ‘/var/www/liferay/irc/liferay-20131223’: Operation not permitted
chmod: changing permissions of ‘/var/www/liferay/irc/liferay-20131224’: Operation not permitted
chmod: changing permissions of ‘/var/www/liferay/irc/liferay-20131225’: Operation not permitted
chmod: changing permissions of ‘/var/www/liferay/irc/liferay-20131226’: Operation not permitted
chmod: changing permissions of ‘/var/www/liferay/irc/liferay-20131227’: Operation not permitted
chmod: changing permissions of ‘/var/www/liferay/irc/liferay-20131228’: Operation not permitted
chmod: changing permissions of ‘/var/www/liferay/irc/liferay-20131229’: Operation not permitted
chmod: changing permissions of ‘/var/www/liferay/irc/liferay-20131230’: Operation not permitted
chmod: changing permissions of ‘/var/www/liferay/irc/liferay-20131231’: Operation not permitted
chmod: changing permissions of ‘/var/www/liferay/irc/liferay-20140101’: Operation not permitted
chmod: changing permissions of ‘/var/www/liferay/irc/liferay-20140102’: Operation not permitted
chmod: changing permissions of ‘/var/www/liferay/irc/liferay-20140103’: Operation not permitted
chmod: changing permissions of ‘/var/www/liferay/irc/liferay-20140104’: Operation not permitted
chmod: changing permissions of ‘/var/www/liferay/irc/liferay-20140105’: Operation not permitted
chmod: changing permissions of ‘/var/www/liferay/irc/liferay-20140106’: Operation not permitted
chmod: changing permissions of ‘/var/www/liferay/irc/liferay-20140107’: Operation not permitted
chmod: changing permissions of ‘/var/www/liferay/irc/liferay-20140108’: Operation not permitted
chmod: changing permissions of ‘/var/www/liferay/irc/liferay-20140109’: Operation not permitted
chmod: changing permissions of ‘/var/www/liferay/irc/liferay-20140110’: Operation not permitted
chmod: changing permissions of ‘/var/www/liferay/irc/liferay-20140111’: Operation not permitted
chmod: changing permissions of ‘/var/www/liferay/irc/liferay-20140112’: Operation not permitted
chmod: changing permissions of ‘/var/www/liferay/irc/liferay-20140113’: Operation not permitted
chmod: changing permissions of ‘/var/www/liferay/irc/liferay-20140114’: Operation not permitted
chmod: changing permissions of ‘/var/www/liferay/irc/liferay-20140115’: Operation not permitted
chmod: changing permissions of ‘/var/www/liferay/irc/liferay-20140116’: Operation not permitted
chmod: changing permissions of ‘/var/www/liferay/irc/liferay-20140117’: Operation not permitted
chmod: changing permissions of ‘/var/www/liferay/irc/liferay-20140118’: Operation not permitted
chmod: changing permissions of ‘/var/www/liferay/irc/liferay-20140119’: Operation not permitted
chmod: changing permissions of ‘/var/www/liferay/irc/liferay-20140120’: Operation not permitted
chmod: changing permissions of ‘/var/www/liferay/irc/liferay-20140121’: Operation not permitted
chmod: changing permissions of ‘/var/www/liferay/irc/liferay-20140122’: Operation not permitted
chmod: changing permissions of ‘/var/www/liferay/irc/liferay-20140123’: Operation not permitted
chmod: changing permissions of ‘/var/www/liferay/irc/liferay-20140124’: Operation not permitted
chmod: changing permissions of ‘/var/www/liferay/irc/liferay-20140125’: Operation not permitted
chmod: changing permissions of ‘/var/www/liferay/irc/liferay-20140126’: Operation not permitted
chmod: changing permissions of ‘/var/www/liferay/irc/liferay-20140127’: Operation not permitted
chmod: changing permissions of ‘/var/www/liferay/irc/liferay-20140128’: Operation not permitted
chmod: changing permissions of ‘/var/www/liferay/irc/liferay-20140129’: Operation not permitted
chmod: changing permissions of ‘/var/www/liferay/irc/liferay-20140130’: Operation not permitted
chmod: changing permissions of ‘/var/www/liferay/irc/liferay-20140131’: Operation not permitted
chmod: changing permissions of ‘/var/www/liferay/irc/liferay-20140201’: Operation not permitted
chmod: changing permissions of ‘/var/www/liferay/irc/liferay-20140202’: Operation not permitted
chmod: changing permissions of ‘/var/www/liferay/irc/liferay-20140203’: Operation not permitted
chmod: changing permissions of ‘/var/www/liferay/irc/liferay-20140204’: Operation not permitted
chmod: changing permissions of ‘/var/www/liferay/irc/liferay-20140205’: Operation not permitted
chmod: changing permissions of ‘/var/www/liferay/irc/liferay-20140206’: Operation not permitted
chmod: changing permissions of ‘/var/www/liferay/irc/liferay-20140207’: Operation not permitted
chmod: changing permissions of ‘/var/www/liferay/irc/liferay-20140208’: Operation not permitted
chmod: changing permissions of ‘/var/www/liferay/irc/liferay-20140209’: Operation not permitted
chmod: changing permissions of ‘/var/www/liferay/irc/liferay-20140210’: Operation not permitted
chmod: changing permissions of ‘/var/www/liferay/irc/liferay-20140211’: Operation not permitted
chmod: changing permissions of ‘/var/www/liferay/irc/liferay-20140212’: Operation not permitted
chmod: changing permissions of ‘/var/www/liferay/irc/liferay-20140213’: Operation not permitted
chmod: changing permissions of ‘/var/www/liferay/irc/liferay-20140214’: Operation not permitted
chmod: changing permissions of ‘/var/www/liferay/irc/liferay-20140215’: Operation not permitted
chmod: changing permissions of ‘/var/www/liferay/irc/liferay-20140216’: Operation not permitted
chmod: changing permissions of ‘/var/www/liferay/irc/liferay-20140217’: Operation not permitted
chmod: changing permissions of ‘/var/www/liferay/irc/liferay-20140218’: Operation not permitted
chmod: changing permissions of ‘/var/www/liferay/irc/liferay-20140219’: Operation not permitted
chmod: changing permissions of ‘/var/www/liferay/irc/liferay-20140220’: Operation not permitted
chmod: changing permissions of ‘/var/www/liferay/irc/liferay-20140221’: Operation not permitted
chmod: changing permissions of ‘/var/www/liferay/irc/liferay-20140222’: Operation not permitted
chmod: changing permissions of ‘/var/www/liferay/irc/liferay-20140223’: Operation not permitted
chmod: changing permissions of ‘/var/www/liferay/irc/liferay-20140224’: Operation not permitted
chmod: changing permissions of ‘/var/www/liferay/irc/liferay-20140225’: Operation not permitted
chmod: changing permissions of ‘/var/www/liferay/irc/liferay-20140226’: Operation not permitted
chmod: changing permissions of ‘/var/www/liferay/irc/liferay-20140227’: Operation not permitted
chmod: changing permissions of ‘/var/www/liferay/irc/liferay-20140228’: Operation not permitted
chmod: changing permissions of ‘/var/www/liferay/irc/liferay-20140301’: Operation not permitted
chmod: changing permissions of ‘/var/www/liferay/irc/liferay-20140302’: Operation not permitted
chmod: changing permissions of ‘/var/www/liferay/irc/liferay-20140303’: Operation not permitted
chmod: changing permissions of ‘/var/www/liferay/irc/liferay-20140304’: Operation not permitted
chmod: changing permissions of ‘/var/www/liferay/irc/liferay-20140305’: Operation not permitted
chmod: changing permissions of ‘/var/www/liferay/irc/liferay-20140306’: Operation not permitted
chmod: changing permissions of ‘/var/www/liferay/irc/liferay-20140307’: Operation not permitted
chmod: changing permissions of ‘/var/www/liferay/irc/liferay-20140308’: Operation not permitted
chmod: changing permissions of ‘/var/www/liferay/irc/liferay-20140309’: Operation not permitted
chmod: changing permissions of ‘/var/www/liferay/irc/liferay-20140310’: Operation not permitted
chmod: changing permissions of ‘/var/www/liferay/irc/liferay-20140311’: Operation not permitted
chmod: changing permissions of ‘/var/www/liferay/irc/liferay-20140312’: Operation not permitted
chmod: changing permissions of ‘/var/www/liferay/irc/liferay-20140313’: Operation not permitted
chmod: changing permissions of ‘/var/www/liferay/irc/liferay-20140314’: Operation not permitted
chmod: changing permissions of ‘/var/www/liferay/irc/liferay-20140315’: Operation not permitted
chmod: changing permissions of ‘/var/www/liferay/irc/liferay-20140316’: Operation not permitted
chmod: changing permissions of ‘/var/www/liferay/irc/style.css’: Operation not permitted
error: insufficient permission for adding an object to repository database .git/objects

error: Error building trees
error: insufficient permission for adding an object to repository database .git/objects

error: nohup.out: failed to insert into database
error: unable to index file nohup.out
fatal: updating files failed
error: insufficient permission for adding an object to repository database .git/objects

error: Error building trees
